This file contains any messages produced by compilers while
running configure, to aid debugging if configure makes a mistake.

configure:540: checking for less
configure:573: checking for gcc
configure:686: checking whether the C compiler (gcc  ) works
configure:702: gcc -o conftest    conftest.c  1>&5
configure:728: checking whether the C compiler (gcc  ) is a cross-compiler
configure:733: checking whether we are using GNU C
configure:761: checking whether gcc accepts -g
configure:796: checking whether gcc -Wall also needs -Wno-char-subscripts
configure:832: checking whether gcc accepts -Wno-char-subscripts
configure:880: checking for gethostbyaddr
configure:969: checking for socket
configure:1058: checking for malloc
configure:1154: checking for crypt
configure:1203: checking for crypt in -lcrypt
configure:1250: checking how to run the C preprocessor
configure:1330: checking for ANSI C header files
configure:1434: checking for sys/wait.h that is POSIX.1 compatible
configure:1479: checking for fcntl.h
configure:1479: checking for sys/fcntl.h
configure:1479: checking for errno.h
configure:1479: checking for net/errno.h
configure:1479: checking for string.h
configure:1479: checking for strings.h
configure:1519: checking for limits.h
configure:1519: checking for sys/time.h
configure:1519: checking for sys/select.h
configure:1519: checking for sys/types.h
configure:1519: checking for unistd.h
configure:1559: checking for memory.h
configure:1559: checking for crypt.h
configure:1559: checking for assert.h
configure:1559: checking for arpa/telnet.h
configure:1559: checking for arpa/inet.h
configure:1599: checking for sys/stat.h
configure:1599: checking for sys/socket.h
configure:1599: checking for sys/resource.h
configure:1599: checking for netinet/in.h
configure:1599: checking for netdb.h
configure:1639: checking for signal.h
configure:1639: checking for sys/uio.h
configure:1678: checking whether crypt needs over 10 characters
configure:1744: checking for working const
configure:1819: checking for pid_t
configure:1852: checking for size_t
configure:1885: checking for ssize_t
configure:1918: checking whether time.h and sys/time.h may both be included
configure:1968: checking for struct in_addr
configure:2007: checking for typedef socklen_t
configure:2043: checking return type of signal handlers
configure:2089: checking for inet_addr
configure:2089: checking for inet_aton
configure:2149: checking if accept is prototyped
configure:2201: checking if atoi is prototyped
configure:2253: checking if atol is prototyped
configure:2305: checking if bind is prototyped
configure:2357: checking if bzero is prototyped
configure:2409: checking if chdir is prototyped
configure:2461: checking if close is prototyped
configure:2513: checking if crypt is prototyped
configure:2565: checking if fclose is prototyped
configure:2617: checking if fcntl is prototyped
configure:2669: checking if fflush is prototyped
configure:2721: checking if fprintf is prototyped
configure:2773: checking if fputc is prototyped
configure:2825: checking if fputs is prototyped
configure:2877: checking if fread is prototyped
configure:2929: checking if fscanf is prototyped
configure:2981: checking if fseek is prototyped
configure:3033: checking if fwrite is prototyped
configure:3085: checking if getpeername is prototyped
configure:3137: checking if getpid is prototyped
configure:3189: checking if getrlimit is prototyped
configure:3241: checking if getsockname is prototyped
configure:3293: checking if gettimeofday is prototyped
configure:3345: checking if htonl is prototyped
configure:3397: checking if htons is prototyped
configure:3449: checking if inet_addr is prototyped
configure:3501: checking if inet_aton is prototyped
configure:3553: checking if inet_ntoa is prototyped
configure:3605: checking if listen is prototyped
configure:3657: checking if ntohl is prototyped
configure:3709: checking if perror is prototyped
configure:3761: checking if printf is prototyped
configure:3813: checking if qsort is prototyped
configure:3865: checking if read is prototyped
configure:3917: checking if remove is prototyped
configure:3969: checking if rewind is prototyped
configure:4021: checking if select is prototyped
configure:4073: checking if setitimer is prototyped
configure:4125: checking if setrlimit is prototyped
configure:4177: checking if setsockopt is prototyped
configure:4229: checking if socket is prototyped
configure:4281: checking if sprintf is prototyped
configure:4333: checking if sscanf is prototyped
configure:4385: checking if strerror is prototyped
configure:4437: checking if system is prototyped
configure:4489: checking if time is prototyped
configure:4541: checking if unlink is prototyped
configure:4593: checking if write is prototyped
